Start testing: Jun 27 19:38 WAT
----------------------------------------------------------
1/1 Testing: unit_tests
1/1 Test: unit_tests
Command: "/home/yaj/Desktop/ML-C/build/tests/test_runner"
Directory: /home/yaj/Desktop/ML-C/build/tests
"unit_tests" start time: Jun 27 19:38 WAT
Output:
----------------------------------------------------------
Running 27 tests...

  status_str_ok ... ok
  status_str_null_ptr ... ok
  status_str_unknown ... ok
  vec_create_and_free ... ok
  vec_create_invalid_n ... ok
  vec_dot_product ... ok
  vec_dot_dim_mismatch ... ok
  vec_add_sub ... ok
  vec_norm_l2 ... ok
  vec_copy_and_fill ... ok
  vec_scale ... ok
  vec_set_zero ... ok
  mat_create_and_free ... ok
  mat_get_set ... ok
  mat_mul ... ok
  mat_transpose ... ok
  mat_vec_mul ... ok
  mat_add_row ... ok
  mat_create_from_buffer ... ok
  mat_solve_identity ... ok
  mat_solve_2x2 ... ok
  lr_init_and_free ... ok
  lr_fit_normal_equation_1d ... ok
  lr_fit_normal_equation_2d ... ok
  lr_fit_gradient_descent ... ok
  lr_not_fitted ... ok
  lr_predict_dim_mismatch ... ok

27 tests passed
<end of output>
Test time =   0.00 sec
----------------------------------------------------------
Test Passed.
"unit_tests" end time: Jun 27 19:38 WAT
"unit_tests" time elapsed: 00:00:00
----------------------------------------------------------

End testing: Jun 27 19:38 WAT
